<?xml version="1.0" encoding="UTF-8"?>
<coverage generated="1715174429599" clover="3.2.0">
  <project timestamp="1715174429599" name="All files">
    <metrics statements="40" coveredstatements="40" conditionals="24" coveredconditionals="24" methods="13" coveredmethods="13" elements="77" coveredelements="77" complexity="0" loc="40" ncloc="40" packages="1" files="1" classes="1"/>
    <file name="cart.ts" path="/home/ferreirase/Documents/Estudos/vedovelli/src/services/cart/cart.ts">
      <metrics statements="40" coveredstatements="40" conditionals="24" coveredconditionals="24" methods="13" coveredmethods="13"/>
      <line num="1" count="1" type="stmt"/>
      <line num="2" count="1" type="stmt"/>
      <line num="4" count="1" type="stmt"/>
      <line num="6" count="1" type="stmt"/>
      <line num="7" count="1" type="stmt"/>
      <line num="26" count="1" type="stmt"/>
      <line num="32" count="3" type="cond" truecount="1" falsecount="0"/>
      <line num="37" count="2" type="stmt"/>
      <line num="40" count="1" type="stmt"/>
      <line num="43" count="1" type="stmt"/>
      <line num="49" count="4" type="stmt"/>
      <line num="51" count="4" type="cond" truecount="1" falsecount="0"/>
      <line num="56" count="3" type="cond" truecount="2" falsecount="0"/>
      <line num="59" count="1" type="stmt"/>
      <line num="62" count="1" type="stmt"/>
      <line num="68" count="2" type="stmt"/>
      <line num="70" count="2" type="cond" truecount="1" falsecount="0"/>
      <line num="71" count="1" type="stmt"/>
      <line num="74" count="1" type="stmt"/>
      <line num="76" count="2" type="cond" truecount="2" falsecount="0"/>
      <line num="86" count="1" type="stmt"/>
      <line num="88" count="1" type="stmt"/>
      <line num="91" count="1" type="stmt"/>
      <line num="92" count="15" type="stmt"/>
      <line num="95" count="18" type="stmt"/>
      <line num="96" count="4" type="stmt"/>
      <line num="99" count="18" type="cond" truecount="1" falsecount="0"/>
      <line num="100" count="1" type="stmt"/>
      <line num="103" count="18" type="stmt"/>
      <line num="107" count="3" type="stmt"/>
      <line num="111" count="17" type="stmt"/>
      <line num="113" count="14" type="stmt"/>
      <line num="118" count="14" type="cond" truecount="2" falsecount="0"/>
      <line num="141" count="14" type="stmt"/>
      <line num="147" count="3" type="stmt"/>
      <line num="148" count="3" type="stmt"/>
      <line num="150" count="3" type="stmt"/>
      <line num="157" count="2" type="stmt"/>
      <line num="159" count="2" type="stmt"/>
      <line num="163" count="1" type="stmt"/>
    </file>
  </project>
</coverage>
