<?xml version="1.0" encoding="UTF-8"?>
<coverage generated="1713900370815" clover="3.2.0">
  <project timestamp="1713900370815" name="All files">
    <metrics statements="32" coveredstatements="32" conditionals="13" coveredconditionals="13" methods="10" coveredmethods="10" elements="55" coveredelements="55" complexity="0" loc="32" ncloc="32" packages="1" files="1" classes="1"/>
    <file name="cart.ts" path="/home/ferreirase/Documents/Estudos/vedovelli/src/services/cart/cart.ts">
      <metrics statements="32" coveredstatements="32" conditionals="13" coveredconditionals="13" methods="10" coveredmethods="10"/>
      <line num="1" count="1" type="stmt"/>
      <line num="2" count="1" type="stmt"/>
      <line num="4" count="1" type="stmt"/>
      <line num="6" count="1" type="stmt"/>
      <line num="7" count="1" type="stmt"/>
      <line num="26" count="1" type="stmt"/>
      <line num="30" count="2" type="cond" truecount="1" falsecount="0"/>
      <line num="35" count="1" type="stmt"/>
      <line num="38" count="1" type="stmt"/>
      <line num="41" count="1" type="stmt"/>
      <line num="45" count="10" type="stmt"/>
      <line num="47" count="10" type="cond" truecount="1" falsecount="0"/>
      <line num="52" count="2" type="cond" truecount="2" falsecount="0"/>
      <line num="55" count="8" type="stmt"/>
      <line num="58" count="1" type="stmt"/>
      <line num="59" count="13" type="stmt"/>
      <line num="62" count="16" type="stmt"/>
      <line num="63" count="4" type="stmt"/>
      <line num="66" count="16" type="cond" truecount="1" falsecount="0"/>
      <line num="67" count="1" type="stmt"/>
      <line num="70" count="16" type="stmt"/>
      <line num="74" count="3" type="stmt"/>
      <line num="78" count="15" type="stmt"/>
      <line num="80" count="12" type="stmt"/>
      <line num="84" count="12" type="cond" truecount="2" falsecount="0"/>
      <line num="88" count="12" type="stmt"/>
      <line num="94" count="3" type="stmt"/>
      <line num="95" count="3" type="stmt"/>
      <line num="97" count="3" type="stmt"/>
      <line num="104" count="2" type="stmt"/>
      <line num="106" count="2" type="stmt"/>
      <line num="110" count="1" type="stmt"/>
    </file>
  </project>
</coverage>
