{"/home/ferreirase/Documents/Estudos/vedovelli/src/services/cart/cart.ts": {"path":"/home/ferreirase/Documents/Estudos/vedovelli/src/services/cart/cart.ts","statementMap":{"0":{"start":{"line":1,"column":0},"end":{"line":1,"column":57}},"1":{"start":{"line":2,"column":0},"end":{"line":2,"column":32}},"2":{"start":{"line":4,"column":14},"end":{"line":4,"column":20}},"3":{"start":{"line":110,"column":9},"end":{"line":110,"column":14}},"4":{"start":{"line":6,"column":0},"end":{"line":6,"column":30}},"5":{"start":{"line":7,"column":0},"end":{"line":7,"column":27}},"6":{"start":{"line":30,"column":2},"end":{"line":36,"column":3}},"7":{"start":{"line":35,"column":4},"end":{"line":35,"column":56}},"8":{"start":{"line":38,"column":2},"end":{"line":38,"column":30}},"9":{"start":{"line":26,"column":0},"end":{"line":26,"column":16}},"10":{"start":{"line":45,"column":17},"end":{"line":45,"column":40}},"11":{"start":{"line":47,"column":2},"end":{"line":53,"column":3}},"12":{"start":{"line":52,"column":4},"end":{"line":52,"column":47}},"13":{"start":{"line":55,"column":2},"end":{"line":55,"column":30}},"14":{"start":{"line":41,"column":0},"end":{"line":41,"column":16}},"15":{"start":{"line":59,"column":10},"end":{"line":59,"column":34}},"16":{"start":{"line":62,"column":54},"end":{"line":64,"column":14}},"17":{"start":{"line":63,"column":29},"end":{"line":63,"column":77}},"18":{"start":{"line":66,"column":4},"end":{"line":68,"column":5}},"19":{"start":{"line":67,"column":6},"end":{"line":67,"column":47}},"20":{"start":{"line":70,"column":4},"end":{"line":70,"column":26}},"21":{"start":{"line":74,"column":4},"end":{"line":74,"column":36}},"22":{"start":{"line":78,"column":4},"end":{"line":90,"column":19}},"23":{"start":{"line":80,"column":35},"end":{"line":82,"column":10}},"24":{"start":{"line":84,"column":37},"end":{"line":86,"column":51}},"25":{"start":{"line":88,"column":8},"end":{"line":88,"column":50}},"26":{"start":{"line":94,"column":26},"end":{"line":94,"column":41}},"27":{"start":{"line":95,"column":31},"end":{"line":95,"column":41}},"28":{"start":{"line":97,"column":4},"end":{"line":100,"column":6}},"29":{"start":{"line":104,"column":4},"end":{"line":104,"column":20}},"30":{"start":{"line":106,"column":4},"end":{"line":106,"column":26}},"31":{"start":{"line":58,"column":0},"end":{"line":58,"column":13}}},"fnMap":{"0":{"name":"CalculatePercentageDiscount","decl":{"start":{"line":26,"column":16},"end":{"line":26,"column":43}},"loc":{"start":{"line":28,"column":12},"end":{"line":39,"column":1}}},"1":{"name":"CalculateQuantityDiscount","decl":{"start":{"line":41,"column":16},"end":{"line":41,"column":41}},"loc":{"start":{"line":43,"column":12},"end":{"line":56,"column":1}}},"2":{"name":"(anonymous_3)","decl":{"start":{"line":58,"column":0},"end":{"line":58,"column":13}},"loc":{"start":{"line":58,"column":0},"end":{"line":108,"column":1}}},"3":{"name":"(anonymous_4)","decl":{"start":{"line":61,"column":2},"end":{"line":61,"column":9}},"loc":{"start":{"line":61,"column":20},"end":{"line":71,"column":3}}},"4":{"name":"(anonymous_5)","decl":{"start":{"line":63,"column":6},"end":{"line":63,"column":7}},"loc":{"start":{"line":63,"column":29},"end":{"line":63,"column":77}}},"5":{"name":"(anonymous_6)","decl":{"start":{"line":73,"column":2},"end":{"line":73,"column":15}},"loc":{"start":{"line":73,"column":32},"end":{"line":75,"column":3}}},"6":{"name":"(anonymous_7)","decl":{"start":{"line":77,"column":2},"end":{"line":77,"column":10}},"loc":{"start":{"line":77,"column":10},"end":{"line":91,"column":3}}},"7":{"name":"(anonymous_8)","decl":{"start":{"line":79,"column":14},"end":{"line":79,"column":15}},"loc":{"start":{"line":79,"column":46},"end":{"line":89,"column":7}}},"8":{"name":"(anonymous_9)","decl":{"start":{"line":93,"column":2},"end":{"line":93,"column":9}},"loc":{"start":{"line":93,"column":9},"end":{"line":101,"column":3}}},"9":{"name":"(anonymous_10)","decl":{"start":{"line":103,"column":2},"end":{"line":103,"column":10}},"loc":{"start":{"line":103,"column":10},"end":{"line":107,"column":3}}}},"branchMap":{"0":{"loc":{"start":{"line":30,"column":2},"end":{"line":36,"column":3}},"type":"if","locations":[{"start":{"line":30,"column":2},"end":{"line":36,"column":3}}]},"1":{"loc":{"start":{"line":31,"column":4},"end":{"line":33,"column":43}},"type":"binary-expr","locations":[{"start":{"line":31,"column":4},"end":{"line":31,"column":30}},{"start":{"line":32,"column":4},"end":{"line":32,"column":27}},{"start":{"line":33,"column":4},"end":{"line":33,"column":43}}]},"2":{"loc":{"start":{"line":47,"column":2},"end":{"line":53,"column":3}},"type":"if","locations":[{"start":{"line":47,"column":2},"end":{"line":53,"column":3}}]},"3":{"loc":{"start":{"line":48,"column":4},"end":{"line":50,"column":43}},"type":"binary-expr","locations":[{"start":{"line":48,"column":4},"end":{"line":48,"column":18}},{"start":{"line":49,"column":4},"end":{"line":49,"column":27}},{"start":{"line":50,"column":4},"end":{"line":50,"column":43}}]},"4":{"loc":{"start":{"line":52,"column":29},"end":{"line":52,"column":45}},"type":"cond-expr","locations":[{"start":{"line":52,"column":38},"end":{"line":52,"column":40}},{"start":{"line":52,"column":43},"end":{"line":52,"column":45}}]},"5":{"loc":{"start":{"line":66,"column":4},"end":{"line":68,"column":5}},"type":"if","locations":[{"start":{"line":66,"column":4},"end":{"line":68,"column":5}}]},"6":{"loc":{"start":{"line":84,"column":37},"end":{"line":86,"column":51}},"type":"cond-expr","locations":[{"start":{"line":85,"column":12},"end":{"line":85,"column":53}},{"start":{"line":86,"column":12},"end":{"line":86,"column":51}}]}},"s":{"0":1,"1":1,"2":1,"3":1,"4":1,"5":1,"6":2,"7":1,"8":1,"9":1,"10":10,"11":10,"12":2,"13":8,"14":1,"15":13,"16":16,"17":4,"18":16,"19":1,"20":16,"21":3,"22":15,"23":12,"24":12,"25":12,"26":3,"27":3,"28":3,"29":2,"30":2,"31":1},"f":{"0":2,"1":10,"2":13,"3":16,"4":4,"5":3,"6":15,"7":12,"8":3,"9":2},"b":{"0":[1],"1":[2,2,2],"2":[2],"3":[10,3,3],"4":[1,1],"5":[1],"6":[2,10]}}
}
