{"/home/ferreirase/Documents/Estudos/vedovelli/src/services/cart/cart.ts": {"path":"/home/ferreirase/Documents/Estudos/vedovelli/src/services/cart/cart.ts","statementMap":{"0":{"start":{"line":1,"column":0},"end":{"line":1,"column":57}},"1":{"start":{"line":2,"column":0},"end":{"line":2,"column":32}},"2":{"start":{"line":4,"column":14},"end":{"line":4,"column":20}},"3":{"start":{"line":163,"column":9},"end":{"line":163,"column":14}},"4":{"start":{"line":6,"column":0},"end":{"line":6,"column":30}},"5":{"start":{"line":7,"column":0},"end":{"line":7,"column":27}},"6":{"start":{"line":32,"column":2},"end":{"line":38,"column":3}},"7":{"start":{"line":37,"column":4},"end":{"line":37,"column":56}},"8":{"start":{"line":40,"column":2},"end":{"line":40,"column":30}},"9":{"start":{"line":26,"column":0},"end":{"line":26,"column":16}},"10":{"start":{"line":49,"column":17},"end":{"line":49,"column":40}},"11":{"start":{"line":51,"column":2},"end":{"line":57,"column":3}},"12":{"start":{"line":56,"column":4},"end":{"line":56,"column":47}},"13":{"start":{"line":59,"column":2},"end":{"line":59,"column":30}},"14":{"start":{"line":43,"column":0},"end":{"line":43,"column":16}},"15":{"start":{"line":68,"column":24},"end":{"line":68,"column":28}},"16":{"start":{"line":70,"column":2},"end":{"line":72,"column":3}},"17":{"start":{"line":71,"column":4},"end":{"line":71,"column":32}},"18":{"start":{"line":74,"column":21},"end":{"line":86,"column":42}},"19":{"start":{"line":76,"column":6},"end":{"line":84,"column":25}},"20":{"start":{"line":86,"column":20},"end":{"line":86,"column":41}},"21":{"start":{"line":88,"column":2},"end":{"line":88,"column":47}},"22":{"start":{"line":62,"column":0},"end":{"line":62,"column":16}},"23":{"start":{"line":92,"column":10},"end":{"line":92,"column":34}},"24":{"start":{"line":95,"column":54},"end":{"line":97,"column":14}},"25":{"start":{"line":96,"column":29},"end":{"line":96,"column":77}},"26":{"start":{"line":99,"column":4},"end":{"line":101,"column":5}},"27":{"start":{"line":100,"column":6},"end":{"line":100,"column":47}},"28":{"start":{"line":103,"column":4},"end":{"line":103,"column":26}},"29":{"start":{"line":107,"column":4},"end":{"line":107,"column":36}},"30":{"start":{"line":111,"column":4},"end":{"line":143,"column":19}},"31":{"start":{"line":113,"column":35},"end":{"line":115,"column":10}},"32":{"start":{"line":118,"column":10},"end":{"line":139,"column":34}},"33":{"start":{"line":141,"column":8},"end":{"line":141,"column":50}},"34":{"start":{"line":147,"column":26},"end":{"line":147,"column":41}},"35":{"start":{"line":148,"column":31},"end":{"line":148,"column":41}},"36":{"start":{"line":150,"column":4},"end":{"line":153,"column":6}},"37":{"start":{"line":157,"column":4},"end":{"line":157,"column":20}},"38":{"start":{"line":159,"column":4},"end":{"line":159,"column":26}},"39":{"start":{"line":91,"column":0},"end":{"line":91,"column":13}}},"fnMap":{"0":{"name":"CalculatePercentageDiscount","decl":{"start":{"line":26,"column":16},"end":{"line":26,"column":43}},"loc":{"start":{"line":30,"column":3},"end":{"line":41,"column":1}}},"1":{"name":"CalculateQuantityDiscount","decl":{"start":{"line":43,"column":16},"end":{"line":43,"column":41}},"loc":{"start":{"line":47,"column":3},"end":{"line":60,"column":1}}},"2":{"name":"CalculateHigherDiscount","decl":{"start":{"line":62,"column":16},"end":{"line":62,"column":39}},"loc":{"start":{"line":66,"column":3},"end":{"line":89,"column":1}}},"3":{"name":"(anonymous_4)","decl":{"start":{"line":75,"column":9},"end":{"line":75,"column":10}},"loc":{"start":{"line":75,"column":37},"end":{"line":85,"column":5}}},"4":{"name":"(anonymous_5)","decl":{"start":{"line":86,"column":10},"end":{"line":86,"column":11}},"loc":{"start":{"line":86,"column":20},"end":{"line":86,"column":41}}},"5":{"name":"(anonymous_6)","decl":{"start":{"line":91,"column":0},"end":{"line":91,"column":13}},"loc":{"start":{"line":91,"column":0},"end":{"line":161,"column":1}}},"6":{"name":"(anonymous_7)","decl":{"start":{"line":94,"column":2},"end":{"line":94,"column":9}},"loc":{"start":{"line":94,"column":20},"end":{"line":104,"column":3}}},"7":{"name":"(anonymous_8)","decl":{"start":{"line":96,"column":6},"end":{"line":96,"column":7}},"loc":{"start":{"line":96,"column":29},"end":{"line":96,"column":77}}},"8":{"name":"(anonymous_9)","decl":{"start":{"line":106,"column":2},"end":{"line":106,"column":15}},"loc":{"start":{"line":106,"column":32},"end":{"line":108,"column":3}}},"9":{"name":"(anonymous_10)","decl":{"start":{"line":110,"column":2},"end":{"line":110,"column":10}},"loc":{"start":{"line":110,"column":10},"end":{"line":144,"column":3}}},"10":{"name":"(anonymous_11)","decl":{"start":{"line":112,"column":14},"end":{"line":112,"column":15}},"loc":{"start":{"line":112,"column":46},"end":{"line":142,"column":7}}},"11":{"name":"(anonymous_12)","decl":{"start":{"line":146,"column":2},"end":{"line":146,"column":9}},"loc":{"start":{"line":146,"column":9},"end":{"line":154,"column":3}}},"12":{"name":"(anonymous_13)","decl":{"start":{"line":156,"column":2},"end":{"line":156,"column":10}},"loc":{"start":{"line":156,"column":10},"end":{"line":160,"column":3}}}},"branchMap":{"0":{"loc":{"start":{"line":32,"column":2},"end":{"line":38,"column":3}},"type":"if","locations":[{"start":{"line":32,"column":2},"end":{"line":38,"column":3}}]},"1":{"loc":{"start":{"line":33,"column":4},"end":{"line":35,"column":43}},"type":"binary-expr","locations":[{"start":{"line":33,"column":4},"end":{"line":33,"column":30}},{"start":{"line":34,"column":4},"end":{"line":34,"column":27}},{"start":{"line":35,"column":4},"end":{"line":35,"column":43}}]},"2":{"loc":{"start":{"line":51,"column":2},"end":{"line":57,"column":3}},"type":"if","locations":[{"start":{"line":51,"column":2},"end":{"line":57,"column":3}}]},"3":{"loc":{"start":{"line":52,"column":4},"end":{"line":54,"column":43}},"type":"binary-expr","locations":[{"start":{"line":52,"column":4},"end":{"line":52,"column":18}},{"start":{"line":53,"column":4},"end":{"line":53,"column":27}},{"start":{"line":54,"column":4},"end":{"line":54,"column":43}}]},"4":{"loc":{"start":{"line":56,"column":29},"end":{"line":56,"column":45}},"type":"cond-expr","locations":[{"start":{"line":56,"column":38},"end":{"line":56,"column":40}},{"start":{"line":56,"column":43},"end":{"line":56,"column":45}}]},"5":{"loc":{"start":{"line":70,"column":2},"end":{"line":72,"column":3}},"type":"if","locations":[{"start":{"line":70,"column":2},"end":{"line":72,"column":3}}]},"6":{"loc":{"start":{"line":76,"column":13},"end":{"line":84,"column":24}},"type":"cond-expr","locations":[{"start":{"line":77,"column":10},"end":{"line":80,"column":24}},{"start":{"line":81,"column":10},"end":{"line":84,"column":24}}]},"7":{"loc":{"start":{"line":99,"column":4},"end":{"line":101,"column":5}},"type":"if","locations":[{"start":{"line":99,"column":4},"end":{"line":101,"column":5}}]},"8":{"loc":{"start":{"line":118,"column":10},"end":{"line":139,"column":34}},"type":"cond-expr","locations":[{"start":{"line":119,"column":14},"end":{"line":123,"column":null}},{"start":{"line":125,"column":14},"end":{"line":139,"column":34}}]},"9":{"loc":{"start":{"line":125,"column":14},"end":{"line":139,"column":34}},"type":"cond-expr","locations":[{"start":{"line":126,"column":14},"end":{"line":130,"column":null}},{"start":{"line":132,"column":14},"end":{"line":139,"column":34}}]},"10":{"loc":{"start":{"line":125,"column":14},"end":{"line":125,"column":58}},"type":"binary-expr","locations":[{"start":{"line":125,"column":14},"end":{"line":125,"column":28}},{"start":{"line":125,"column":32},"end":{"line":125,"column":58}}]},"11":{"loc":{"start":{"line":132,"column":14},"end":{"line":139,"column":34}},"type":"cond-expr","locations":[{"start":{"line":133,"column":14},"end":{"line":137,"column":null}},{"start":{"line":139,"column":14},"end":{"line":139,"column":34}}]},"12":{"loc":{"start":{"line":132,"column":14},"end":{"line":132,"column":56}},"type":"binary-expr","locations":[{"start":{"line":132,"column":14},"end":{"line":132,"column":28}},{"start":{"line":132,"column":32},"end":{"line":132,"column":56}}]}},"s":{"0":1,"1":1,"2":1,"3":1,"4":1,"5":1,"6":3,"7":2,"8":1,"9":1,"10":4,"11":4,"12":3,"13":1,"14":1,"15":2,"16":2,"17":1,"18":1,"19":2,"20":1,"21":1,"22":1,"23":15,"24":18,"25":4,"26":18,"27":1,"28":18,"29":3,"30":17,"31":14,"32":14,"33":14,"34":3,"35":3,"36":3,"37":2,"38":2,"39":1},"f":{"0":3,"1":4,"2":2,"3":2,"4":1,"5":15,"6":18,"7":4,"8":3,"9":17,"10":14,"11":3,"12":2},"b":{"0":[2],"1":[3,3,3],"2":[3],"3":[4,4,4],"4":[1,2],"5":[1],"6":[1,1],"7":[1],"8":[2,12],"9":[2,10],"10":[12,5],"11":[3,7],"12":[10,3]}}
}
