TN:
SF:src/services/cart/cart.ts
FN:26,CalculatePercentageDiscount
FN:41,CalculateQuantityDiscount
FN:58,(anonymous_3)
FN:61,(anonymous_4)
FN:63,(anonymous_5)
FN:73,(anonymous_6)
FN:77,(anonymous_7)
FN:79,(anonymous_8)
FN:93,(anonymous_9)
FN:103,(anonymous_10)
FNF:10
FNH:10
FNDA:2,CalculatePercentageDiscount
FNDA:10,CalculateQuantityDiscount
FNDA:13,(anonymous_3)
FNDA:16,(anonymous_4)
FNDA:4,(anonymous_5)
FNDA:3,(anonymous_6)
FNDA:15,(anonymous_7)
FNDA:12,(anonymous_8)
FNDA:3,(anonymous_9)
FNDA:2,(anonymous_10)
DA:1,1
DA:2,1
DA:4,1
DA:6,1
DA:7,1
DA:26,1
DA:30,2
DA:35,1
DA:38,1
DA:41,1
DA:45,10
DA:47,10
DA:52,2
DA:55,8
DA:58,1
DA:59,13
DA:62,16
DA:63,4
DA:66,16
DA:67,1
DA:70,16
DA:74,3
DA:78,15
DA:80,12
DA:84,12
DA:88,12
DA:94,3
DA:95,3
DA:97,3
DA:104,2
DA:106,2
DA:110,1
LF:32
LH:32
BRDA:30,0,0,1
BRDA:31,1,0,2
BRDA:31,1,1,2
BRDA:31,1,2,2
BRDA:47,2,0,2
BRDA:48,3,0,10
BRDA:48,3,1,3
BRDA:48,3,2,3
BRDA:52,4,0,1
BRDA:52,4,1,1
BRDA:66,5,0,1
BRDA:84,6,0,2
BRDA:84,6,1,10
BRF:13
BRH:13
end_of_record
