TN:
SF:src/services/cart/cart.ts
FN:26,CalculatePercentageDiscount
FN:43,CalculateQuantityDiscount
FN:62,CalculateHigherDiscount
FN:75,(anonymous_4)
FN:86,(anonymous_5)
FN:91,(anonymous_6)
FN:94,(anonymous_7)
FN:96,(anonymous_8)
FN:106,(anonymous_9)
FN:110,(anonymous_10)
FN:112,(anonymous_11)
FN:146,(anonymous_12)
FN:156,(anonymous_13)
FNF:13
FNH:13
FNDA:3,CalculatePercentageDiscount
FNDA:4,CalculateQuantityDiscount
FNDA:2,CalculateHigherDiscount
FNDA:2,(anonymous_4)
FNDA:1,(anonymous_5)
FNDA:15,(anonymous_6)
FNDA:18,(anonymous_7)
FNDA:4,(anonymous_8)
FNDA:3,(anonymous_9)
FNDA:17,(anonymous_10)
FNDA:14,(anonymous_11)
FNDA:3,(anonymous_12)
FNDA:2,(anonymous_13)
DA:1,1
DA:2,1
DA:4,1
DA:6,1
DA:7,1
DA:26,1
DA:32,3
DA:37,2
DA:40,1
DA:43,1
DA:49,4
DA:51,4
DA:56,3
DA:59,1
DA:62,1
DA:68,2
DA:70,2
DA:71,1
DA:74,1
DA:76,2
DA:86,1
DA:88,1
DA:91,1
DA:92,15
DA:95,18
DA:96,4
DA:99,18
DA:100,1
DA:103,18
DA:107,3
DA:111,17
DA:113,14
DA:118,14
DA:141,14
DA:147,3
DA:148,3
DA:150,3
DA:157,2
DA:159,2
DA:163,1
LF:40
LH:40
BRDA:32,0,0,2
BRDA:33,1,0,3
BRDA:33,1,1,3
BRDA:33,1,2,3
BRDA:51,2,0,3
BRDA:52,3,0,4
BRDA:52,3,1,4
BRDA:52,3,2,4
BRDA:56,4,0,1
BRDA:56,4,1,2
BRDA:70,5,0,1
BRDA:76,6,0,1
BRDA:76,6,1,1
BRDA:99,7,0,1
BRDA:118,8,0,2
BRDA:118,8,1,12
BRDA:125,9,0,2
BRDA:125,9,1,10
BRDA:125,10,0,12
BRDA:125,10,1,5
BRDA:132,11,0,3
BRDA:132,11,1,7
BRDA:132,12,0,10
BRDA:132,12,1,3
BRF:24
BRH:24
end_of_record
